<?xml version="1.0" encoding="UTF-8"?>
<!-- Generated by org.testng.reporters.JUnitXMLReporter -->
<testsuite ignored="0" hostname="Jenifer-Jayaraj" failures="0" tests="4" name="PetTests" time="14.673" errors="0" timestamp="2023-11-06T23:10:32 IST">
  <testcase classname="api.test.UserTests2" name="testPostUser" time="4.649"/>
  <testcase classname="api.test.UserTests2" name="testGetUserByName" time="2.357"/>
  <testcase classname="api.test.UserTests2" name="testUpdateUserByName" time="4.499"/>
  <testcase classname="api.test.UserTests2" name="testDeleteUserByName" time="2.099"/>
</testsuite> <!-- PetTests -->
