<?xml version="1.0" encoding="UTF-8"?>
<!-- Generated by org.testng.reporters.JUnitXMLReporter -->
<testsuite ignored="0" hostname="Jenifer-Jayaraj" failures="0" tests="4" name="PetTests" time="12.919" errors="0" timestamp="2023-11-06T23:03:13 IST">
  <testcase classname="api.test.UserTests2" name="testPostUser" time="3.928"/>
  <testcase classname="api.test.UserTests2" name="testGetUserByName" time="1.974"/>
  <testcase classname="api.test.UserTests2" name="testUpdateUserByName" time="3.622"/>
  <testcase classname="api.test.UserTests2" name="testDeleteUserByName" time="2.325"/>
</testsuite> <!-- PetTests -->
